Arguments: 
  /usr/local/bin/node /usr/local/bin/yarn run start

PATH: 
  /usr/local/bin:/usr/local/sbin:/Users/krystynaswider/anaconda2/bin:/usr/local/bin:/usr/local/sbin:/usr/local/bin:/usr/bin:/bin:/usr/sbin:/sbin:/Library/Apple/usr/bin:/Library/Apple/bin:/usr/local/sbin:/Users/krystynaswider/anaconda2/bin

Yarn version: 
  1.5.1

Node version: 
  8.9.1

Platform: 
  darwin x64

npm manifest: 
  {
    "name": "prisma-traveller",
    "version": "1.0.0",
    "main": "index.js",
    "scripts": {
      "start": "node dist/index.js",
      "heroku-postbuild": "babel src --out-dir dist --copy-files",
      "dev": "env-cmd ./config/dev.env nodemon src/index.js --ext js, graphql --exec babel-node",
      "test": "env-cmd ./config/test.env jest --watch --runInBand",
      "get-schema": "graphql get-schema -p prisma"
    },
    "jest": {
      "globalSetup": "./tests/config/globalSetup.js",
      "globalTeardown": "./tests/config/globalTeardown.js"
    },
    "author": "",
    "license": "ISC",
    "dependencies": {
      "@babel/polyfill": "^7.0.0",
      "apollo-boost": "^0.1.14",
      "babel-cli": "^6.26.0",
      "babel-plugin-transform-object-rest-spread": "^6.26.0",
      "babel-preset-env": "^1.7.0",
      "babel-register": "^6.26.0",
      "bcryptjs": "^2.4.3",
      "cross-fetch": "^2.2.2",
      "env-cmd": "^8.0.2",
      "graphql": "^14.0.2",
      "graphql-cli": "^2.17.0",
      "graphql-yoga": "^1.18.3",
      "jsonwebtoken": "^8.5.1",
      "prisma": "^1.34.8",
      "prisma-binding": "^2.3.16"
    },
    "resolutions": {
      "graphql-yoga/**/graphql": "0.13.2",
      "prisma-binding/**/graphql": "0.13.2",
      "graphql-cli/**/graphql": "0.13.2"
    },
    "devDependencies": {
      "jest": "^23.5.0",
      "nodemon": "^1.19.2"
    },
    "description": ""
  }

yarn manifest: 
  No manifest

Lockfile: 
  No lockfile

Trace: 
  Error: Command failed.
  Exit code: 1
  Command: sh
  Arguments: -c node dist/index.js
  Directory: /Users/krystynaswider/Desktop/Traveller/prisma-traveller
  Output:
  
      at ProcessTermError.MessageError (/usr/local/lib/node_modules/yarn/lib/cli.js:186:110)
      at new ProcessTermError (/usr/local/lib/node_modules/yarn/lib/cli.js:226:113)
      at ChildProcess.<anonymous> (/usr/local/lib/node_modules/yarn/lib/cli.js:30281:17)
      at emitTwo (events.js:126:13)
      at ChildProcess.emit (events.js:214:7)
      at maybeClose (internal/child_process.js:925:16)
      at Process.ChildProcess._handle.onexit (internal/child_process.js:209:5)
